2024-12-12 16:20:23 [INFO] - Logging enabled. Log file: C:\Users\giulioc\OneDrive - CyberArk Ltd\Documents\Script\EPM\EPMScript\EPMScript\log\20241212_162023_EPMCreateJIT.log
2024-12-12 16:20:23 [INFO] - + ------------ +
2024-12-12 16:20:23 [INFO] - | EPMCreateJIT |
2024-12-12 16:20:23 [INFO] - + ------------ +
2024-12-12 16:20:27 [INFO] - + --------------- +
2024-12-12 16:20:27 [INFO] - | Available Sets: |
2024-12-12 16:20:27 [INFO] - + --------------- +
2024-12-12 16:20:27 [INFO] - 1. [Giulio] Elevate(cyberark_16)
2024-12-12 16:20:27 [INFO] - 2. [Giulio] Monitor(cyberark_16)
2024-12-12 16:20:27 [INFO] - 3. MXC_NG (cyberark_16)
2024-12-12 16:20:27 [INFO] - 4. MXC_22.6 (cyberark_16)
2024-12-12 16:20:27 [INFO] - 5. [Giulio] Block(cyberark_16)
2024-12-12 16:20:27 [INFO] - 6. [Giulio] Server(cyberark_16)
2024-12-12 16:20:27 [INFO] - 7. ITALGAS (cyberark_16)
2024-12-12 16:20:27 [INFO] - 8. [Giulio] Ferrovial(cyberark_16)
2024-12-12 16:20:27 [INFO] - 9. ITALGAS AdmNonAdm(cyberark_16)
2024-12-12 16:20:27 [INFO] - 10. MacOS - Test Giuglio(cyberark_16)
2024-12-12 16:20:27 [INFO] - 11. [Giulio] QuickStart(cyberark_16)
2024-12-12 16:20:27 [INFO] - 12. FINCANTIERI(cyberark_16)
2024-12-12 16:20:27 [INFO] - Found last events file: C:\Users\giulioc\OneDrive - CyberArk Ltd\Documents\Script\EPM\EPMScript\EPMScript\EPMJIT_lastEvents\lastEvents.txt
2024-12-12 16:20:27 [INFO] - Searching Manual Request events from 2024-12-09T19:39:48.343Z
2024-12-12 16:20:30 [INFO] - Create JIT policy for GIULIO\user1 on WIN10X64-1
