2024-12-12 17:23:12 [INFO] - Logging enabled. Log file: C:\Users\giulioc\OneDrive - CyberArk Ltd\Documents\Script\EPM\EPMScript\EPMScript\log\20241212_172312_EPMCreateJIT.log
2024-12-12 17:23:12 [INFO] - + ------------ +
2024-12-12 17:23:12 [INFO] - | EPMCreateJIT |
2024-12-12 17:23:12 [INFO] - + ------------ +
2024-12-12 17:23:15 [INFO] - + --------------- +
2024-12-12 17:23:15 [INFO] - | Available Sets: |
2024-12-12 17:23:15 [INFO] - + --------------- +
2024-12-12 17:23:15 [INFO] - 1. [Giulio] Elevate(cyberark_16)
2024-12-12 17:23:15 [INFO] - 2. [Giulio] Monitor(cyberark_16)
2024-12-12 17:23:15 [INFO] - 3. MXC_NG (cyberark_16)
2024-12-12 17:23:15 [INFO] - 4. MXC_22.6 (cyberark_16)
2024-12-12 17:23:15 [INFO] - 5. [Giulio] Block(cyberark_16)
2024-12-12 17:23:15 [INFO] - 6. [Giulio] Server(cyberark_16)
2024-12-12 17:23:15 [INFO] - 7. ITALGAS (cyberark_16)
2024-12-12 17:23:15 [INFO] - 8. [Giulio] Ferrovial(cyberark_16)
2024-12-12 17:23:15 [INFO] - 9. ITALGAS AdmNonAdm(cyberark_16)
2024-12-12 17:23:15 [INFO] - 10. MacOS - Test Giuglio(cyberark_16)
2024-12-12 17:23:15 [INFO] - 11. [Giulio] QuickStart(cyberark_16)
2024-12-12 17:23:15 [INFO] - 12. FINCANTIERI(cyberark_16)
2024-12-12 17:23:17 [INFO] - Found last events file: C:\Users\giulioc\OneDrive - CyberArk Ltd\Documents\Script\EPM\EPMScript\EPMScript\EPMJIT_lastEvents\lastEvents.txt
2024-12-12 17:23:17 [INFO] - Searching Manual Request events from 2024-12-12T15:42:30.916Z
2024-12-12 17:23:20 [INFO] - Found 1 Manual Request from 2024-12-12T15:42:30.916Z
2024-12-12 17:23:20 [INFO] - Processing 1 of 1 Manual Request for GIULIO\user1 on WIN10X64-1
2024-12-12 17:23:37 [INFO] - JIT GIULIO\user1 on WIN10X64-1 (12) policy created
2024-12-12 17:23:37 [INFO] - Store last event date 2024-12-12T15:42:30.916Z in C:\Users\giulioc\OneDrive - CyberArk Ltd\Documents\Script\EPM\EPMScript\EPMScript\EPMJIT_lastEvents\lastEvents.txt
