2024-12-12 16:15:12 [INFO] - Logging enabled. Log file: C:\Users\giulioc\OneDrive - CyberArk Ltd\Documents\Script\EPM\EPMScript\EPMScript\log\20241212_161512_EPMCreateJIT.log
2024-12-12 16:15:12 [INFO] - + ------------ +
2024-12-12 16:15:12 [INFO] - | EPMCreateJIT |
2024-12-12 16:15:12 [INFO] - + ------------ +
2024-12-12 16:15:18 [INFO] - + --------------- +
2024-12-12 16:15:18 [INFO] - | Available Sets: |
2024-12-12 16:15:18 [INFO] - + --------------- +
2024-12-12 16:15:18 [INFO] - 1. [Giulio] Elevate(cyberark_16)
2024-12-12 16:15:18 [INFO] - 2. [Giulio] Monitor(cyberark_16)
2024-12-12 16:15:18 [INFO] - 3. MXC_NG (cyberark_16)
2024-12-12 16:15:18 [INFO] - 4. MXC_22.6 (cyberark_16)
2024-12-12 16:15:18 [INFO] - 5. [Giulio] Block(cyberark_16)
2024-12-12 16:15:18 [INFO] - 6. [Giulio] Server(cyberark_16)
2024-12-12 16:15:18 [INFO] - 7. ITALGAS (cyberark_16)
2024-12-12 16:15:18 [INFO] - 8. [Giulio] Ferrovial(cyberark_16)
2024-12-12 16:15:18 [INFO] - 9. ITALGAS AdmNonAdm(cyberark_16)
2024-12-12 16:15:18 [INFO] - 10. MacOS - Test Giuglio(cyberark_16)
2024-12-12 16:15:18 [INFO] - 11. [Giulio] QuickStart(cyberark_16)
2024-12-12 16:15:18 [INFO] - 12. FINCANTIERI(cyberark_16)
2024-12-12 16:15:19 [WARN] - C:\Users\giulioc\OneDrive - CyberArk Ltd\Documents\Script\EPM\EPMScript\EPMScript\EPMJIT_lastEvents\lastEvents.txt: The file does not exist. Starting the event search from 2024-11-12T16:15:19.77Z
2024-12-12 16:15:22 [INFO] - Create JIT policy for GIULIO\user1 on WIN10X64-1
