2024-12-13 14:11:10 [INFO] - Logging enabled. Log file: C:\Users\giulioc\OneDrive - CyberArk Ltd\Documents\Script\EPM\EPMScript\EPMScript\log\20241213_141110_EPMApplicationUpdateExample.log
2024-12-13 14:11:10 [INFO] - + --------------------------- +
2024-12-13 14:11:10 [INFO] - | EPMApplicationUpdateExample |
2024-12-13 14:11:10 [INFO] - + --------------------------- +
2024-12-13 14:11:14 [INFO] - + ----------------------------- +
2024-12-13 14:11:14 [INFO] - | [Giulio] Monitor(cyberark_16) |
2024-12-13 14:11:14 [INFO] - + ----------------------------- +
2024-12-13 14:11:14 [INFO] - Found 6 Applications definition
2024-12-13 14:11:14 [INFO] - Processing 1 of 6 Applications definition
2024-12-13 14:11:14 [WARN] - |- 87654358-076e-4486-a3e2-07c2e7dbbad8 - Child Process already enabled
2024-12-13 14:11:14 [INFO] - Processing 2 of 6 Applications definition
2024-12-13 14:11:14 [WARN] - |- 3bed2790-91fb-49c1-9dd7-dc76d2ca9794 - Child Process already enabled
2024-12-13 14:11:14 [INFO] - Processing 3 of 6 Applications definition
2024-12-13 14:11:14 [WARN] - |- 45393aaf-0c6a-4a9f-b067-27fa9d4b39ce - Child Process already enabled
2024-12-13 14:11:14 [INFO] - Processing 4 of 6 Applications definition
2024-12-13 14:11:14 [WARN] - |- 708818a0-6004-4124-897c-6d31cbf0d8ab - Child Process already enabled
2024-12-13 14:11:14 [INFO] - Processing 5 of 6 Applications definition
2024-12-13 14:11:14 [WARN] - |- 4426419c-8e1d-4715-a9ff-a5bc012fc236 - Child Process already enabled
2024-12-13 14:11:14 [INFO] - Processing 6 of 6 Applications definition
2024-12-13 14:11:14 [WARN] - |- bea10ae3-21a5-46ad-a3f8-45becdf04888 - Child Process already enabled
2024-12-13 14:11:14 [WARN] - No Applicaion group updated
