2024-12-13 14:43:25 [INFO] - Logging enabled. Log file: C:\Users\giulioc\OneDrive - CyberArk Ltd\Documents\Script\EPM\EPMScript\EPMScript\log\20241213_144325_EPMApplicationUpdateExample.log
2024-12-13 14:43:25 [INFO] - + --------------------------- +
2024-12-13 14:43:25 [INFO] - | EPMApplicationUpdateExample |
2024-12-13 14:43:25 [INFO] - + --------------------------- +
2024-12-13 14:43:29 [INFO] - + ----------------------------- +
2024-12-13 14:43:29 [INFO] - | [Giulio] Monitor(cyberark_16) |
2024-12-13 14:43:29 [INFO] - + ----------------------------- +
2024-12-13 14:43:30 [INFO] - Found 6 Applications definition
2024-12-13 14:43:30 [INFO] - Processing 1 of 6 Applications definition
2024-12-13 14:43:30 [INFO] - |- f7a2c6c7-2d1e-4f19-b8f8-15b9658723c4 - Enabling Child Process
2024-12-13 14:43:30 [INFO] - Processing 2 of 6 Applications definition
2024-12-13 14:43:30 [INFO] - |- e9810a57-ca63-45f4-af42-a13731e4c0ef - Enabling Child Process
2024-12-13 14:43:30 [INFO] - Processing 3 of 6 Applications definition
2024-12-13 14:43:30 [WARN] - |- 45393aaf-0c6a-4a9f-b067-27fa9d4b39ce - Child Process already enabled
2024-12-13 14:43:30 [INFO] - Processing 4 of 6 Applications definition
2024-12-13 14:43:30 [WARN] - |- 708818a0-6004-4124-897c-6d31cbf0d8ab - Child Process already enabled
2024-12-13 14:43:30 [INFO] - Processing 5 of 6 Applications definition
2024-12-13 14:43:30 [WARN] - |- a21b5bc7-2f47-41a7-ac19-73ab43ff0220 - Child Process already enabled
2024-12-13 14:43:30 [INFO] - Processing 6 of 6 Applications definition
2024-12-13 14:43:30 [WARN] - |- bea10ae3-21a5-46ad-a3f8-45becdf04888 - Child Process already enabled
2024-12-13 14:43:30 [INFO] - Prepare Upload data
2024-12-13 14:43:35 [INFO] - Prepare Upload data
